Known wins loaded: 65693
Known losses loaded: 4782
Loaded 79563 moves from map in 62s.
278/50614 done, 2466s remaining
1928/50614 done, 584s remaining
2207/50614 done, 822s remaining
2314/50614 done, 1062s remaining
3322/50614 done, 851s remaining
5326/50614 done, 588s remaining
6551/50614 done, 528s remaining
10254/50614 done, 363s remaining
10486/50614 done, 361s remaining
10588/50614 done, 400s remaining
10643/50614 done, 439s remaining
10826/50614 done, 477s remaining
10886/50614 done, 516s remaining
11044/50614 done, 553s remaining
11164/50614 done, 552s remaining
11241/50614 done, 629s remaining
11250/50614 done, 629s remaining
11300/50614 done, 668s remaining
11409/50614 done, 705s remaining
11501/50614 done, 743s remaining
11583/50614 done, 780s remaining
11681/50614 done, 778s remaining
11730/50614 done, 816s remaining
11815/50614 done, 853s remaining
11861/50614 done, 891s remaining
11952/50614 done, 889s remaining
11976/50614 done, 927s remaining
12024/50614 done, 964s remaining
12056/50614 done, 1002s remaining
12141/50614 done, 1038s remaining
12189/50614 done, 1075s remaining
12197/50614 done, 1075s remaining
12293/50614 done, 1111s remaining
12342/50614 done, 1148s remaining
12372/50614 done, 1185s remaining
12401/50614 done, 1222s remaining
12482/50614 done, 1220s remaining
12555/50614 done, 1255s remaining
12783/50614 done, 1248s remaining
12789/50614 done, 1286s remaining
12883/50614 done, 1320s remaining
12983/50614 done, 1317s remaining
Analyzing round 17 move took 10s
13037/50614 done, 1390s remaining
13077/50614 done, 1426s remaining
13134/50614 done, 1424s remaining
13162/50614 done, 1460s remaining
13245/50614 done, 1494s remaining
13398/50614 done, 1488s remaining
13596/50614 done, 1480s remaining
13639/50614 done, 1515s remaining
13696/50614 done, 1550s remaining
13728/50614 done, 1549s remaining
13737/50614 done, 1585s remaining
13779/50614 done, 1620s remaining
13790/50614 done, 1657s remaining
13808/50614 done, 1693s remaining
13849/50614 done, 1691s remaining
13899/50614 done, 1725s remaining
13918/50614 done, 1724s remaining
13933/50614 done, 1760s remaining
13985/50614 done, 1794s remaining
14058/50614 done, 1791s remaining
14133/50614 done, 1824s remaining
14175/50614 done, 1858s remaining
14234/50614 done, 1855s remaining
14394/50614 done, 1847s remaining
Analyzing round 17 move took 14s
14478/50614 done, 1879s remaining
Analyzing round 17 move took 10s
14479/50614 done, 1915s remaining
14484/50614 done, 1951s remaining
14545/50614 done, 1947s remaining
14617/50614 done, 1979s remaining
14664/50614 done, 1977s remaining
14697/50614 done, 2011s remaining
14717/50614 done, 2046s remaining
14751/50614 done, 2044s remaining
14835/50614 done, 2075s remaining
14906/50614 done, 2071s remaining
14912/50614 done, 2106s remaining
14922/50614 done, 2141s remaining
14927/50614 done, 2141s remaining
14973/50614 done, 2174s remaining
14991/50614 done, 2208s remaining
15119/50614 done, 2200s remaining
15188/50614 done, 2196s remaining
15312/50614 done, 2224s remaining
15378/50614 done, 2219s remaining
15413/50614 done, 2252s remaining
15455/50614 done, 2250s remaining
15466/50614 done, 2284s remaining
15535/50614 done, 2280s remaining
15539/50614 done, 2314s remaining
15589/50614 done, 2346s remaining
15637/50614 done, 2343s remaining
15649/50614 done, 2377s remaining
15686/50614 done, 2375s remaining
15744/50614 done, 2406s remaining
15762/50614 done, 2404s remaining
15812/50614 done, 2436s remaining
15853/50614 done, 2433s remaining
15947/50614 done, 2461s remaining
15993/50614 done, 2458s remaining
16126/50614 done, 2448s remaining
16186/50614 done, 2478s remaining
16307/50614 done, 2470s remaining
16406/50614 done, 2462s remaining
16410/50614 done, 2496s remaining
16508/50614 done, 2489s remaining
16623/50614 done, 2481s remaining
16703/50614 done, 2475s remaining
16850/50614 done, 2464s remaining
16984/50614 done, 2454s remaining
17102/50614 done, 2446s remaining
17206/50614 done, 2472s remaining
17221/50614 done, 2471s remaining
Analyzing round 17 move took 17s
17315/50614 done, 2497s remaining
17443/50614 done, 2487s remaining
17483/50614 done, 2517s remaining
17526/50614 done, 2514s remaining
17565/50614 done, 2544s remaining
17628/50614 done, 2539s remaining
17680/50614 done, 2535s remaining
17768/50614 done, 2529s remaining
Analyzing round 17 move took 14s
17788/50614 done, 2560s remaining
17842/50614 done, 2588s remaining
17936/50614 done, 2581s remaining
18005/50614 done, 2576s remaining
18020/50614 done, 2607s remaining
18087/50614 done, 2602s remaining
18237/50614 done, 2590s remaining
18298/50614 done, 2617s remaining
18363/50614 done, 2612s remaining
18391/50614 done, 2610s remaining
Analyzing round 17 move took 15s
18516/50614 done, 2632s remaining
Analyzing round 17 move took 10s
18530/50614 done, 2662s remaining
Analyzing round 17 move took 14s
18543/50614 done, 2693s remaining
18553/50614 done, 2725s remaining
Analyzing round 17 move took 13s
18583/50614 done, 2722s remaining
Analyzing round 17 move took 10s
18662/50614 done, 2747s remaining
Analyzing round 17 move took 12s
18686/50614 done, 2777s remaining
Analyzing round 17 move took 14s
18687/50614 done, 2777s remaining
18709/50614 done, 2807s remaining
19100/50614 done, 2741s remaining
19945/50614 done, 2545s remaining
20340/50614 done, 2482s remaining
20393/50614 done, 2508s remaining
20525/50614 done, 2467s remaining
20631/50614 done, 2488s remaining
21024/50614 done, 2426s remaining
22225/50614 done, 2214s remaining
22540/50614 done, 2161s remaining
23525/50614 done, 2004s remaining
24342/50614 done, 1891s remaining
24570/50614 done, 1875s remaining
24920/50614 done, 1824s remaining
25677/50614 done, 1745s remaining
26331/50614 done, 1651s remaining
26832/50614 done, 1593s remaining
26963/50614 done, 1608s remaining
27116/50614 done, 1597s remaining
27408/50614 done, 1554s remaining
28638/50614 done, 1428s remaining
28729/50614 done, 1422s remaining
28758/50614 done, 1420s remaining
29078/50614 done, 1399s remaining
29467/50614 done, 1353s remaining
Analyzing round 18 move took 31s
29689/50614 done, 1360s remaining
29709/50614 done, 1358s remaining
29980/50614 done, 1341s remaining
30138/50614 done, 1330s remaining
30617/50614 done, 1299s remaining
30622/50614 done, 1299s remaining
30729/50614 done, 1292s remaining
30987/50614 done, 1275s remaining
31108/50614 done, 1267s remaining
31559/50614 done, 1219s remaining
31686/50614 done, 1211s remaining
31801/50614 done, 1222s remaining
32236/50614 done, 1176s remaining
33269/50614 done, 1075s remaining
33647/50614 done, 1051s remaining
33963/50614 done, 1032s remaining
35090/50614 done, 931s remaining
35582/50614 done, 886s remaining
35957/50614 done, 864s remaining
37542/50614 done, 745s remaining
Analyzing round 18 move took 11s
37581/50614 done, 742s remaining
37603/50614 done, 741s remaining
37938/50614 done, 722s remaining
38262/50614 done, 704s remaining
38387/50614 done, 696s remaining
Analyzing round 18 move took 10s
38782/50614 done, 674s remaining
39590/50614 done, 617s remaining
40986/50614 done, 519s remaining
41744/50614 done, 478s remaining
42250/50614 done, 443s remaining
42891/50614 done, 409s remaining
43368/50614 done, 376s remaining
44062/50614 done, 340s remaining
45199/50614 done, 276s remaining
45319/50614 done, 270s remaining
45557/50614 done, 257s remaining
45638/50614 done, 253s remaining
45701/50614 done, 250s remaining
45865/50614 done, 242s remaining
46213/50614 done, 224s remaining
Analyzing round 18 move took 17s
46218/50614 done, 228s remaining
46414/50614 done, 218s remaining
46418/50614 done, 218s remaining
46444/50614 done, 216s remaining
46702/50614 done, 203s remaining
46863/50614 done, 195s remaining
Analyzing round 18 move took 18s
46865/50614 done, 198s remaining
Analyzing round 18 move took 10s
46868/50614 done, 198s remaining
Analyzing round 18 move took 14s
46869/50614 done, 198s remaining
Analyzing round 18 move took 22s
46870/50614 done, 202s remaining
46907/50614 done, 200s remaining
46943/50614 done, 198s remaining
47348/50614 done, 176s remaining
47380/50614 done, 174s remaining
48597/50614 done, 106s remaining
50059/50614 done, 28s remaining
Round   Moves  Terminal      Wins    Losses Different
 1          0         0         0         0         0
 2          0         0         0         0         0
 3          0         0         0         0         0
 4          0         0         0         0         0
 5          0         0         0         0         0
 6          0         0         0         0         0
 7          0         0         0         0         0
 8          0         0         0         0         0
 9          0         0         0         0         0
10          0         0         0         0         0
11         53        53        52         0         0
12        173       173       173         0         0
13        350       350       345         0         3
14       1196      1196      1183         5         4
15       1708      1708      1664         9        12
16       6724      6724      6507       191         8
17       9031      9031      7093       353       431
18      31379     31379     28488      1927       191
------------------------------------------------------
Total   79563     50614     45505      2485       649
Analysis time: 2612s
