Analysis with depth=18:
Round   Moves  Terminal      Wins    Losses Different
 1          1         0         0         0         0
 2          4         0         0         0         0
 3          4         0         0         0         0
 4         19         0         0         0         0
 5         19         0         0         0         0
 6         79         0         0         0         0
 7         46         0         0         0         0
 8        238         0         0         0         0
 9        143         0         0         0         0
10        676         0         0         0         0
11        559        56        56         0         0
12       2257       191       170         0         8
13       1646       330       276         0        26
14       5918      1373      1030         0       130
15       3149      1348      1064        18        83
16      10188      4585      3662        37       313
17       3533      3533      2385        73       370
18      10188     10188      7506       186      1073
------------------------------------------------------
Total   38667     21604     16149       314      2003
Analysis time: 12122s

Analysis with depth=24:
 1          1         0         0         0         0
 2          4         0         0         0         0
 3          4         0         0         0         0
 4         19         0         0         0         0
 5         19         0         0         0         0
 6         79         0         0         0         0
 7         46         0         0         0         0
 8        238         0         0         0         0
 9        143         0         0         0         0
10        676         0         0         0         0
11        559        56        56         0         0
12       2257       191       184         2        11
13       1646       330       308         7        32
14       5918      1373      1230        39       170
15       3149      1348      1234        43       140
16      10188      4585      4284       204       415
17       3533      3533      2964       265       359
18      10188     10188      9364       641       815
------------------------------------------------------
Total   38667     21604     19624      1201      1942
Analysis time: 78698s


Round   Moves  Terminal      Wins    Losses Different
 1          1         0         0         0         0
 2          4         0         0         0         0
 3          4         0         0         0         0
 4         19         0         0         0         0
 5         19         0         0         0         0
 6         79         0         0         0         0
 7         46         0         0         0         0
 8        238         0         0         0         0
 9        143         0         0         0         0
10        676         0         0         0         0
11        570        52        52         0         0
12       2296       189       182         2         2
13       1744       341       316         8        16
14       6147      1330      1193        36        46
15       3513      1385      1276        33        32
16      11031      4631      4355       180        63
17       4295      4295      3616       317       201
18      11886     11886     10828       841       221
------------------------------------------------------
Total   42711     24109     21818      1417       581
Analysis time: 32998s

