With depth = 24:
Round   Moves  Terminal      Wins    Losses Different
 1          1         0         0         0         0
 2          4         0         0         0         0
 3          4         0         0         0         0
 4         19         0         0         0         0
 5         19         0         0         0         0
 6         79         0         0         0         0
 7         46         0         0         0         0
 8        238         0         0         0         0
 9        143         0         0         0         0
10        676         0         0         0         0
11        570        52        52         0         0
12       2359       169       169         0         1
13       1888       321       315         3         3
14       7067      1180      1133        15        38
15       4416      1510      1435        31        32
16      15397      5755      5497       196       166
17       6756      3576      3247       198       109
18      20545     20545     18775      1342       609
19       6570      6570      5472       363       314
------------------------------------------------------
Total   66797     39678     36095      2148      1272
Analysis time: 35231s

With depth = 42:
Round   Moves  Terminal      Wins    Losses Different
 1          1         0         0         0         0
 2          4         0         0         0         0
 3          4         0         0         0         0
 4         19         0         0         0         0
 5         19         0         0         0         0
 6         79         0         0         0         0
 7         46         0         0         0         0
 8        238         0         0         0         0
 9        143         0         0         0         0
10        676         0         0         0         0
11        570        52        52         0         0
12       2359       169       169         0         0
13       1888       321       315         4         1
14       7067      1180      1146        30        16
15       4416      1510      1436        47        21
16      15397      5755      5527       206        27
17       6756      3576      3247       199        49
18      20545     20545     18775      1342        96
19       6570      6570      5472       363       168
------------------------------------------------------
Total   66797     39678     36139      2191       378
Analysis time: 11199s

